[DEBUG][user_interface, line:21] 


#############################################################
  NPC generator for Warhammer Fantasy Roleplay 4th edition
    git repository:
    https://github.com/pza007/wfrp_4_npc_generator.git
#############################################################

[DEBUG][user_interface, line:23] >>>>> Choose all random settings? (y/n):

[DEBUG][user_interface, line:25] user input: y
[DEBUG][user_interface, line:100] 
Your choices:
[DEBUG][user_interface, line:105] +-----+---------+-----+-------+--------+-----+
| Sex | Species | Age | Class | Career |  XP |
+-----+---------+-----+-------+--------+-----+
| Any |   Any   | Any |  Any  |  Any   | Any |
+-----+---------+-----+-------+--------+-----+
[DEBUG][user_interface, line:106] 
Roll values:
[DEBUG][user_interface, line:111] +------+---------+-----+----------+--------+-------+
| Sex  | Species | Age |  Class   | Career |   XP  |
+------+---------+-----+----------+--------+-------+
| Male |  Human  | Old | Courtier | Warden | 15140 |
+------+---------+-----+----------+--------+-------+
[DEBUG][user_interface, line:114] 
Generating NPC, please wait...
[DEBUG][user_interface, line:117] 	- Init values...
[DEBUG][user_interface, line:124] 	- Start values...
[DEBUG][user_interface, line:126] 	- Check values...
[DEBUG][user_interface, line:128] 	- Advance in career levels (1-4)...
[DEBUG][advance_by_xp, line:718] 	- Career lvl 1
[DEBUG][advance_by_xp, line:722] 		talents, xp_spent=1400
[DEBUG][advance_by_xp, line:730] 		stats, xp_spent=250
[DEBUG][advance_by_xp, line:738] 		skills, xp_spent=0
[DEBUG][advance_by_xp, line:747] 		advance to next level, xp_spent=1750, xp_left=13390
[DEBUG][advance_by_xp, line:718] 	- Career lvl 2
[DEBUG][advance_by_xp, line:722] 		talents, xp_spent=2400
[DEBUG][advance_by_xp, line:730] 		stats, xp_spent=705
[DEBUG][advance_by_xp, line:738] 		skills, xp_spent=610
[DEBUG][advance_by_xp, line:747] 		advance to next level, xp_spent=3815, xp_left=9575
[DEBUG][advance_by_xp, line:718] 	- Career lvl 3
[DEBUG][advance_by_xp, line:722] 		talents, xp_spent=1600
[DEBUG][advance_by_xp, line:730] 		stats, xp_spent=1220
[DEBUG][advance_by_xp, line:738] 		skills, xp_spent=1230
[DEBUG][advance_by_xp, line:747] 		advance to next level, xp_spent=4150, xp_left=5425
[DEBUG][advance_by_xp, line:718] 	- Career lvl 4
[DEBUG][advance_by_xp, line:722] 		talents, xp_spent=2100
[DEBUG][advance_by_xp, line:730] 		stats, xp_spent=1900
[DEBUG][advance_by_xp, line:738] 		skills, xp_spent=1400
[DEBUG][advance_by_xp, line:741] 			stopped! reason=To upgrade skill:Animal Care to lvl: 19/20 cost>xp: 30>25, xp_left=25
[DEBUG][user_interface, line:132] 	- Continue advancing at career level 4...
[DEBUG][advance_continue, line:1001] 		talents, xp_spent=0
[DEBUG][advance_continue, line:1004] 			stopped! reason=To upgrade talent:Flee to lvl: 2/3 cost>xp: 200>25, xp_left=25
[DEBUG][user_interface, line:135] 	- Final modifications...
[DEBUG][user_interface, line:138] 	- Generate image...
[DEBUG][user_interface, line:141] 
Done! File: Warden__Rudolph_Steinhoff.png saved in local directory.
[DEBUG][user_interface, line:142] Experience points left = 25
[DEBUG][user_interface, line:21] 


#############################################################
  NPC generator for Warhammer Fantasy Roleplay 4th edition
    git repository:
    https://github.com/pza007/wfrp_4_npc_generator.git
#############################################################

[DEBUG][user_interface, line:23] >>>>> Choose all random settings? (y/n):

[DEBUG][user_interface, line:25] user input: y
[DEBUG][user_interface, line:100] 
Your choices:
[DEBUG][user_interface, line:105] +-----+---------+-----+-------+--------+-----+
| Sex | Species | Age | Class | Career |  XP |
+-----+---------+-----+-------+--------+-----+
| Any |   Any   | Any |  Any  |  Any   | Any |
+-----+---------+-----+-------+--------+-----+
[DEBUG][user_interface, line:106] 
Roll values:
[DEBUG][user_interface, line:111] +------+----------+-----+---------+-------------+-------+
| Sex  | Species  | Age |  Class  |    Career   |   XP  |
+------+----------+-----+---------+-------------+-------+
| Male | Halfling | Old | Warrior | Pit Fighter | 20043 |
+------+----------+-----+---------+-------------+-------+
[DEBUG][user_interface, line:114] 
Generating NPC, please wait...
[DEBUG][user_interface, line:117] 	- Init values...
[DEBUG][user_interface, line:124] 	- Start values...
[DEBUG][user_interface, line:126] 	- Check values...
[DEBUG][user_interface, line:128] 	- Advance in career levels (1-4)...
[DEBUG][advance_by_xp, line:718] 	- Career lvl 1
[DEBUG][advance_by_xp, line:722] 		talents, xp_spent=2700
[DEBUG][advance_by_xp, line:730] 		stats, xp_spent=250
[DEBUG][advance_by_xp, line:738] 		skills, xp_spent=10
[DEBUG][advance_by_xp, line:747] 		advance to next level, xp_spent=3060, xp_left=16983
[DEBUG][advance_by_xp, line:718] 	- Career lvl 2
[DEBUG][advance_by_xp, line:722] 		talents, xp_spent=1200
[DEBUG][advance_by_xp, line:730] 		stats, xp_spent=705
[DEBUG][advance_by_xp, line:738] 		skills, xp_spent=660
[DEBUG][advance_by_xp, line:747] 		advance to next level, xp_spent=2665, xp_left=14318
[DEBUG][advance_by_xp, line:718] 	- Career lvl 3
[DEBUG][advance_by_xp, line:722] 		talents, xp_spent=2500
[DEBUG][advance_by_xp, line:730] 		stats, xp_spent=1220
[DEBUG][advance_by_xp, line:738] 		skills, xp_spent=1125
[DEBUG][advance_by_xp, line:747] 		advance to next level, xp_spent=4945, xp_left=9373
[DEBUG][advance_by_xp, line:718] 	- Career lvl 4
[DEBUG][advance_by_xp, line:722] 		talents, xp_spent=3600
[DEBUG][advance_by_xp, line:730] 		stats, xp_spent=1900
[DEBUG][advance_by_xp, line:738] 		skills, xp_spent=1535
[DEBUG][advance_by_xp, line:751] 			stopped! reason=Reached highest career level: 4/4, xp_left=2338
[DEBUG][user_interface, line:132] 	- Continue advancing at career level 4...
[DEBUG][advance_continue, line:1001] 		talents, xp_spent=2300
[DEBUG][advance_continue, line:1004] 			stopped! reason=To upgrade talent:Resistance (Chaos) to lvl: 4/5 cost>xp: 400>38, xp_left=38
[DEBUG][user_interface, line:135] 	- Final modifications...
[DEBUG][user_interface, line:138] 	- Generate image...
[DEBUG][user_interface, line:141] 
Done! File: Pit_Fighter__Theodosius_Thorncobble.png saved in local directory.
[DEBUG][user_interface, line:142] Experience points left = 38
[DEBUG][user_interface, line:21] 


#############################################################
  NPC generator for Warhammer Fantasy Roleplay 4th edition
    git repository:
    https://github.com/pza007/wfrp_4_npc_generator.git
#############################################################

[DEBUG][user_interface, line:23] >>>>> Choose all random settings? (y/n):

[DEBUG][user_interface, line:25] user input: y
[DEBUG][user_interface, line:100] 
Your choices:
[DEBUG][user_interface, line:105] +-----+---------+-----+-------+--------+-----+
| Sex | Species | Age | Class | Career |  XP |
+-----+---------+-----+-------+--------+-----+
| Any |   Any   | Any |  Any  |  Any   | Any |
+-----+---------+-----+-------+--------+-----+
[DEBUG][user_interface, line:106] 
Roll values:
[DEBUG][user_interface, line:111] +--------+---------+-----+---------+----------------+-------+
|  Sex   | Species | Age |  Class  |     Career     |   XP  |
+--------+---------+-----+---------+----------------+-------+
| Female |  Human  | Old | Warrior | Warrior Priest | 18875 |
+--------+---------+-----+---------+----------------+-------+
[DEBUG][user_interface, line:114] 
Generating NPC, please wait...
[DEBUG][user_interface, line:117] 	- Init values...
[DEBUG][user_interface, line:124] 	- Start values...
[DEBUG][user_interface, line:126] 	- Check values...
[DEBUG][user_interface, line:128] 	- Advance in career levels (1-4)...
[DEBUG][advance_by_xp, line:718] 	- Career lvl 1
[DEBUG][advance_by_xp, line:722] 		talents, xp_spent=900
[DEBUG][advance_by_xp, line:730] 		stats, xp_spent=250
[DEBUG][advance_by_xp, line:738] 		skills, xp_spent=100
[DEBUG][advance_by_xp, line:747] 		advance to next level, xp_spent=1350, xp_left=17525
[DEBUG][advance_by_xp, line:718] 	- Career lvl 2
[DEBUG][advance_by_xp, line:722] 		talents, xp_spent=1600
[DEBUG][advance_by_xp, line:730] 		stats, xp_spent=705
[DEBUG][advance_by_xp, line:738] 		skills, xp_spent=530
[DEBUG][advance_by_xp, line:747] 		advance to next level, xp_spent=2935, xp_left=14590
[DEBUG][advance_by_xp, line:718] 	- Career lvl 3
[DEBUG][advance_by_xp, line:722] 		talents, xp_spent=2400
[DEBUG][advance_by_xp, line:730] 		stats, xp_spent=1220
[DEBUG][advance_by_xp, line:738] 		skills, xp_spent=1260
[DEBUG][advance_by_xp, line:747] 		advance to next level, xp_spent=4980, xp_left=9610
[DEBUG][advance_by_xp, line:718] 	- Career lvl 4
[DEBUG][advance_by_xp, line:722] 		talents, xp_spent=2500
[DEBUG][advance_by_xp, line:730] 		stats, xp_spent=1900
[DEBUG][advance_by_xp, line:738] 		skills, xp_spent=2025
[DEBUG][advance_by_xp, line:751] 			stopped! reason=Reached highest career level: 4/4, xp_left=3185
[DEBUG][user_interface, line:132] 	- Continue advancing at career level 4...
[DEBUG][advance_continue, line:1001] 		talents, xp_spent=3000
[DEBUG][advance_continue, line:1004] 			stopped! reason=To upgrade talent:Inspiring to lvl: 4/5 cost>xp: 400>185, xp_left=185
[DEBUG][user_interface, line:135] 	- Final modifications...
[DEBUG][user_interface, line:138] 	- Generate image...
[DEBUG][user_interface, line:141] 
Done! File: Warrior_Priest__Carola_Dietrich.png saved in local directory.
[DEBUG][user_interface, line:142] Experience points left = 185
