[DEBUG][user_interface, line:21] 


#############################################################
  NPC generator for Warhammer Fantasy Roleplay 4th edition
    git repository:
    https://github.com/pza007/wfrp_4_npc_generator.git
#############################################################

[DEBUG][user_interface, line:23] >>>>> Choose all random settings? (y/n):

[DEBUG][user_interface, line:21] 


#############################################################
  NPC generator for Warhammer Fantasy Roleplay 4th edition
    git repository:
    https://github.com/pza007/wfrp_4_npc_generator.git
#############################################################

[DEBUG][user_interface, line:23] >>>>> Choose all random settings? (y/n):

[DEBUG][user_interface, line:25] user input: y
[DEBUG][user_interface, line:100] 
Your choices:
[DEBUG][user_interface, line:105] +-----+---------+-----+-------+--------+-----+
| Sex | Species | Age | Class | Career |  XP |
+-----+---------+-----+-------+--------+-----+
| Any |   Any   | Any |  Any  |  Any   | Any |
+-----+---------+-----+-------+--------+-----+
[DEBUG][user_interface, line:106] 
Roll values:
[DEBUG][user_interface, line:111] +--------+---------+--------+----------+--------+------+
|  Sex   | Species |  Age   |  Class   | Career |  XP  |
+--------+---------+--------+----------+--------+------+
| Female |  Human  | Middle | Courtier | Warden | 1757 |
+--------+---------+--------+----------+--------+------+
[DEBUG][user_interface, line:114] 
Generating NPC, please wait...
[DEBUG][user_interface, line:117] 	- Init values...
[DEBUG][user_interface, line:124] 	- Start values...
[DEBUG][user_interface, line:126] 	- Check values...
[DEBUG][user_interface, line:128] 	- Advance in career levels (1-4)...
[DEBUG][advance_by_xp, line:718] 	- Career lvl 1
[DEBUG][advance_by_xp, line:722] 		talents, xp_spent=1500
[DEBUG][advance_by_xp, line:725] 			stopped! reason=To upgrade talent:Night Vision to lvl: 3/3 cost>xp: 300>257, xp_left=257
[DEBUG][user_interface, line:135] 	- Final modifications...
[DEBUG][final_modifications, line:1387] 		removed skills (advance value == 0): ['Trade (Embalmer)']
[DEBUG][user_interface, line:138] 	- Generate image...
[DEBUG][user_interface, line:141] 
Done! File: Warden__Susanne_von_Bratschberg.png saved in local directory.
[DEBUG][user_interface, line:142] Experience points left = 257
[DEBUG][user_interface, line:21] 


#############################################################
  NPC generator for Warhammer Fantasy Roleplay 4th edition
    git repository:
    https://github.com/pza007/wfrp_4_npc_generator.git
#############################################################

[DEBUG][user_interface, line:23] >>>>> Choose all random settings? (y/n):

[DEBUG][user_interface, line:25] user input: y
[DEBUG][user_interface, line:100] 
Your choices:
[DEBUG][user_interface, line:105] +-----+---------+-----+-------+--------+-----+
| Sex | Species | Age | Class | Career |  XP |
+-----+---------+-----+-------+--------+-----+
| Any |   Any   | Any |  Any  |  Any   | Any |
+-----+---------+-----+-------+--------+-----+
[DEBUG][user_interface, line:106] 
Roll values:
[DEBUG][user_interface, line:111] +--------+---------+--------+-----------+-----------+-------+
|  Sex   | Species |  Age   |   Class   |   Career  |   XP  |
+--------+---------+--------+-----------+-----------+-------+
| Female |  Human  | Middle | Riverfolk | Stevedore | 18127 |
+--------+---------+--------+-----------+-----------+-------+
[DEBUG][user_interface, line:114] 
Generating NPC, please wait...
[DEBUG][user_interface, line:117] 	- Init values...
[DEBUG][user_interface, line:124] 	- Start values...
[DEBUG][user_interface, line:126] 	- Check values...
[DEBUG][user_interface, line:128] 	- Advance in career levels (1-4)...
[DEBUG][advance_by_xp, line:718] 	- Career lvl 1
[DEBUG][advance_by_xp, line:722] 		talents, xp_spent=1200
[DEBUG][advance_by_xp, line:730] 		stats, xp_spent=250
[DEBUG][advance_by_xp, line:738] 		skills, xp_spent=170
[DEBUG][advance_by_xp, line:747] 		advance to next level, xp_spent=1720, xp_left=16407
[DEBUG][advance_by_xp, line:718] 	- Career lvl 2
[DEBUG][advance_by_xp, line:722] 		talents, xp_spent=1500
[DEBUG][advance_by_xp, line:730] 		stats, xp_spent=705
[DEBUG][advance_by_xp, line:738] 		skills, xp_spent=620
[DEBUG][advance_by_xp, line:747] 		advance to next level, xp_spent=2925, xp_left=13482
[DEBUG][advance_by_xp, line:718] 	- Career lvl 3
[DEBUG][advance_by_xp, line:722] 		talents, xp_spent=1800
[DEBUG][advance_by_xp, line:730] 		stats, xp_spent=1220
[DEBUG][advance_by_xp, line:738] 		skills, xp_spent=1000
[DEBUG][advance_by_xp, line:747] 		advance to next level, xp_spent=4120, xp_left=9362
[DEBUG][advance_by_xp, line:718] 	- Career lvl 4
[DEBUG][advance_by_xp, line:722] 		talents, xp_spent=2200
[DEBUG][advance_by_xp, line:730] 		stats, xp_spent=1900
[DEBUG][advance_by_xp, line:738] 		skills, xp_spent=2040
[DEBUG][advance_by_xp, line:751] 			stopped! reason=Reached highest career level: 4/4, xp_left=3222
[DEBUG][user_interface, line:132] 	- Continue advancing at career level 4...
[DEBUG][advance_continue, line:1001] 		talents, xp_spent=3000
[DEBUG][advance_continue, line:1004] 			stopped! reason=To upgrade talent:Acute Sense (Taste) to lvl: 5/5 cost>xp: 500>222, xp_left=222
[DEBUG][user_interface, line:135] 	- Final modifications...
[DEBUG][user_interface, line:138] 	- Generate image...
[DEBUG][user_interface, line:141] 
Done! File: Stevedore__Alexandra_Bohnen.png saved in local directory.
[DEBUG][user_interface, line:142] Experience points left = 222
